Started by user admin
Obtained Jenkinsfile from git https://github.com/RiskBala/FSDProjectManager.git
Running in Durability level: MAX_SURVIVABILITY
[Pipeline] node
Running on Jenkins in C:\Program Files (x86)\Jenkins\workspace\ProjectManager
[Pipeline] {
[Pipeline] stage
[Pipeline] { (Declarative: Checkout SCM)
[Pipeline] checkout
 > git.exe rev-parse --is-inside-work-tree # timeout=10
Fetching changes from the remote Git repository
 > git.exe config remote.origin.url https://github.com/RiskBala/FSDProjectManager.git # timeout=10
Fetching upstream changes from https://github.com/RiskBala/FSDProjectManager.git
 > git.exe --version # timeout=10
using GIT_ASKPASS to set credentials 
 > git.exe fetch --tags --progress https://github.com/RiskBala/FSDProjectManager.git +refs/heads/*:refs/remotes/origin/*
 > git.exe rev-parse "refs/remotes/origin/master^{commit}" # timeout=10
 > git.exe rev-parse "refs/remotes/origin/origin/master^{commit}" # timeout=10
Checking out Revision ff479763db4062c6592345d111f9f6109a26a3b6 (refs/remotes/origin/master)
 > git.exe config core.sparsecheckout # timeout=10
 > git.exe checkout -f ff479763db4062c6592345d111f9f6109a26a3b6
Commit message: "Update Jenkinsfile"
 > git.exe rev-list --no-walk 719ac130f02e022064ae0900d6e97a15555fbaae # timeout=10
[Pipeline] }
[Pipeline] // stage
[Pipeline] withEnv
[Pipeline] {
[Pipeline] stage
[Pipeline] { (Declarative: Tool Install)
[Pipeline] tool
[Pipeline] envVarsForTool
[Pipeline] tool
[Pipeline] envVarsForTool
[Pipeline] }
[Pipeline] // stage
[Pipeline] withEnv
[Pipeline] {
[Pipeline] stage
[Pipeline] { (Initialize-Variables)
[Pipeline] tool
[Pipeline] envVarsForTool
[Pipeline] tool
[Pipeline] envVarsForTool
[Pipeline] withEnv
[Pipeline] {
[Pipeline] bat

C:\Program Files (x86)\Jenkins\workspace\ProjectManager>echo "PATH = C:\Program Files\Java\jdk1.8.0_144/bin;C:\Users\Admin\Downloads\apache-maven-3.6.0\/bin;C:\Program Files\Java\jdk1.8.0_144/bin;C:\Users\Admin\Downloads\apache-maven-3.6.0\/bin;C:\ProgramData\Oracle\Java\javapath;C:\Windows\system32;C:\Windows;C:\Windows\System32\Wbem;C:\Windows\System32\WindowsPowerShell\v1.0\;C:\Program Files\Git\cmd;C:\Program Files (x86)\MySQL\MySQL Fabric 1.5 & MySQL Utilities 1.5\;C:\Program Files (x86)\MySQL\MySQL Fabric 1.5 & MySQL Utilities 1.5\Doctrine extensions for PHP\;C:\Program Files\nodejs\;" 
"PATH = C:\Program Files\Java\jdk1.8.0_144/bin;C:\Users\Admin\Downloads\apache-maven-3.6.0\/bin;C:\Program Files\Java\jdk1.8.0_144/bin;C:\Users\Admin\Downloads\apache-maven-3.6.0\/bin;C:\ProgramData\Oracle\Java\javapath;C:\Windows\system32;C:\Windows;C:\Windows\System32\Wbem;C:\Windows\System32\WindowsPowerShell\v1.0\;C:\Program Files\Git\cmd;C:\Program Files (x86)\MySQL\MySQL Fabric 1.5 & MySQL Utilities 1.5\;C:\Program Files (x86)\MySQL\MySQL Fabric 1.5 & MySQL Utilities 1.5\Doctrine extensions for PHP\;C:\Program Files\nodejs\;"

C:\Program Files (x86)\Jenkins\workspace\ProjectManager>echo "M2_HOME = C:\Users\Admin\Downloads\apache-maven-3.6.0\" 
"M2_HOME = C:\Users\Admin\Downloads\apache-maven-3.6.0\"
[Pipeline] }
[Pipeline] // withEnv
[Pipeline] }
[Pipeline] // stage
[Pipeline] stage
[Pipeline] { (Build)
[Pipeline] tool
[Pipeline] envVarsForTool
[Pipeline] tool
[Pipeline] envVarsForTool
[Pipeline] withEnv
[Pipeline] {
[Pipeline] bat

C:\Program Files (x86)\Jenkins\workspace\ProjectManager>mvn install 
[INFO] Scanning for projects...
[INFO] 
[INFO] -----------------------< com.fsd:projectmanager >-----------------------
[INFO] Building projectmanger 0.0.1-SNAPSHOT
[INFO] --------------------------------[ jar ]---------------------------------
[INFO] 
[INFO] --- maven-resources-plugin:3.1.0:resources (default-resources) @ projectmanager ---
[INFO] Using 'UTF-8' encoding to copy filtered resources.
[INFO] Copying 1 resource
[INFO] Copying 0 resource
[INFO] 
[INFO] --- maven-compiler-plugin:3.8.0:compile (default-compile) @ projectmanager ---
[INFO] Nothing to compile - all classes are up to date
[INFO] 
[INFO] --- maven-resources-plugin:3.1.0:testResources (default-testResources) @ projectmanager ---
[INFO] Using 'UTF-8' encoding to copy filtered resources.
[INFO] skip non existing resourceDirectory C:\Program Files (x86)\Jenkins\workspace\ProjectManager\src\test\resources
[INFO] 
[INFO] --- maven-compiler-plugin:3.8.0:testCompile (default-testCompile) @ projectmanager ---
[INFO] Nothing to compile - all classes are up to date
[INFO] 
[INFO] --- maven-surefire-plugin:2.22.1:test (default-test) @ projectmanager ---
[INFO] 
[INFO] -------------------------------------------------------
[INFO]  T E S T S
[INFO] -------------------------------------------------------
[INFO] Running com.fsd.projectmanager.controller.ProjectControllerTest
18:54:16.578 [main] DEBUG org.springframework.test.context.junit4.SpringJUnit4ClassRunner - SpringJUnit4ClassRunner constructor called with [class com.fsd.projectmanager.controller.ProjectControllerTest]
18:54:16.584 [main] DEBUG org.springframework.test.context.BootstrapUtils - Instantiating CacheAwareContextLoaderDelegate from class [org.springframework.test.context.cache.DefaultCacheAwareContextLoaderDelegate]
18:54:16.596 [main] DEBUG org.springframework.test.context.BootstrapUtils - Instantiating BootstrapContext using constructor [public org.springframework.test.context.support.DefaultBootstrapContext(java.lang.Class,org.springframework.test.context.CacheAwareContextLoaderDelegate)]
18:54:16.615 [main] DEBUG org.springframework.test.context.BootstrapUtils - Instantiating TestContextBootstrapper for test class [com.fsd.projectmanager.controller.ProjectControllerTest] from class [org.springframework.boot.test.context.SpringBootTestContextBootstrapper]
18:54:16.625 [main] INFO org.springframework.boot.test.context.SpringBootTestContextBootstrapper - Neither @ContextConfiguration nor @ContextHierarchy found for test class [com.fsd.projectmanager.controller.ProjectControllerTest], using SpringBootContextLoader
18:54:16.628 [main] DEBUG org.springframework.test.context.support.AbstractContextLoader - Did not detect default resource location for test class [com.fsd.projectmanager.controller.ProjectControllerTest]: class path resource [com/fsd/projectmanager/controller/ProjectControllerTest-context.xml] does not exist
18:54:16.633 [main] DEBUG org.springframework.test.context.support.AbstractContextLoader - Did not detect default resource location for test class [com.fsd.projectmanager.controller.ProjectControllerTest]: class path resource [com/fsd/projectmanager/controller/ProjectControllerTestContext.groovy] does not exist
18:54:16.633 [main] INFO org.springframework.test.context.support.AbstractContextLoader - Could not detect default resource locations for test class [com.fsd.projectmanager.controller.ProjectControllerTest]: no resource found for suffixes {-context.xml, Context.groovy}.
18:54:16.634 [main] INFO org.springframework.test.context.support.AnnotationConfigContextLoaderUtils - Could not detect default configuration classes for test class [com.fsd.projectmanager.controller.ProjectControllerTest]: ProjectControllerTest does not declare any static, non-private, non-final, nested classes annotated with @Configuration.
18:54:16.679 [main] DEBUG org.springframework.test.context.support.ActiveProfilesUtils - Could not find an 'annotation declaring class' for annotation type [org.springframework.test.context.ActiveProfiles] and class [com.fsd.projectmanager.controller.ProjectControllerTest]
18:54:16.792 [main] DEBUG org.springframework.context.annotation.ClassPathScanningCandidateComponentProvider - Identified candidate component class: file [C:\Program Files (x86)\Jenkins\workspace\ProjectManager\target\classes\com\fsd\projectmanager\ProjectmangerApplication.class]
18:54:16.793 [main] INFO org.springframework.boot.test.context.SpringBootTestContextBootstrapper - Found @SpringBootConfiguration com.fsd.projectmanager.ProjectmangerApplication for test class com.fsd.projectmanager.controller.ProjectControllerTest
18:54:16.894 [main] DEBUG org.springframework.boot.test.context.SpringBootTestContextBootstrapper - @TestExecutionListeners is not present for class [com.fsd.projectmanager.controller.ProjectControllerTest]: using defaults.
18:54:16.895 [main] INFO org.springframework.boot.test.context.SpringBootTestContextBootstrapper - Loaded default TestExecutionListener class names from location [META-INF/spring.factories]: [org.springframework.boot.test.mock.mockito.MockitoTestExecutionListener, org.springframework.boot.test.mock.mockito.ResetMocksTestExecutionListener, org.springframework.boot.test.autoconfigure.restdocs.RestDocsTestExecutionListener, org.springframework.boot.test.autoconfigure.web.client.MockRestServiceServerResetTestExecutionListener, org.springframework.boot.test.autoconfigure.web.servlet.MockMvcPrintOnlyOnFailureTestExecutionListener, org.springframework.boot.test.autoconfigure.web.servlet.WebDriverTestExecutionListener, org.springframework.test.context.web.ServletTestExecutionListener, org.springframework.test.context.support.DirtiesContextBeforeModesTestExecutionListener, org.springframework.test.context.support.DependencyInjectionTestExecutionListener, org.springframework.test.context.support.DirtiesContextTestExecutionListener, org.springframework.test.context.transaction.TransactionalTestExecutionListener, org.springframework.test.context.jdbc.SqlScriptsTestExecutionListener]
18:54:16.930 [main] INFO org.springframework.boot.test.context.SpringBootTestContextBootstrapper - Using TestExecutionListeners: [org.springframework.test.context.web.ServletTestExecutionListener@2177849e, org.springframework.test.context.support.DirtiesContextBeforeModesTestExecutionListener@40cb8df7, org.springframework.boot.test.mock.mockito.MockitoTestExecutionListener@13b13b5d, org.springframework.boot.test.autoconfigure.SpringBootDependencyInjectionTestExecutionListener@2892dae4, org.springframework.test.context.support.DirtiesContextTestExecutionListener@355ce81c, org.springframework.test.context.transaction.TransactionalTestExecutionListener@29647f75, org.springframework.test.context.jdbc.SqlScriptsTestExecutionListener@3315d2d7, org.springframework.boot.test.mock.mockito.ResetMocksTestExecutionListener@d6e7bab, org.springframework.boot.test.autoconfigure.restdocs.RestDocsTestExecutionListener@5fa07e12, org.springframework.boot.test.autoconfigure.web.client.MockRestServiceServerResetTestExecutionListener@55b53d44, org.springframework.boot.test.autoconfigure.web.servlet.MockMvcPrintOnlyOnFailureTestExecutionListener@482bce4f, org.springframework.boot.test.autoconfigure.web.servlet.WebDriverTestExecutionListener@366647c2]
18:54:16.932 [main] DEBUG org.springframework.test.annotation.ProfileValueUtils - Retrieved @ProfileValueSourceConfiguration [null] for test class [com.fsd.projectmanager.controller.ProjectControllerTest]
18:54:16.933 [main] DEBUG org.springframework.test.annotation.ProfileValueUtils - Retrieved ProfileValueSource type [class org.springframework.test.annotation.SystemProfileValueSource] for class [com.fsd.projectmanager.controller.ProjectControllerTest]
18:54:16.934 [main] DEBUG org.springframework.test.annotation.ProfileValueUtils - Retrieved @ProfileValueSourceConfiguration [null] for test class [com.fsd.projectmanager.controller.ProjectControllerTest]
18:54:16.942 [main] DEBUG org.springframework.test.annotation.ProfileValueUtils - Retrieved ProfileValueSource type [class org.springframework.test.annotation.SystemProfileValueSource] for class [com.fsd.projectmanager.controller.ProjectControllerTest]
18:54:16.942 [main] DEBUG org.springframework.test.annotation.ProfileValueUtils - Retrieved @ProfileValueSourceConfiguration [null] for test class [com.fsd.projectmanager.controller.ProjectControllerTest]
18:54:16.942 [main] DEBUG org.springframework.test.annotation.ProfileValueUtils - Retrieved ProfileValueSource type [class org.springframework.test.annotation.SystemProfileValueSource] for class [com.fsd.projectmanager.controller.ProjectControllerTest]
18:54:17.020 [main] DEBUG org.springframework.test.context.support.AbstractDirtiesContextTestExecutionListener - Before test class: context [DefaultTestContext@62230c58 testClass = ProjectControllerTest, testInstance = [null], testMethod = [null], testException = [null], mergedContextConfiguration = [WebMergedContextConfiguration@2cd2a21f testClass = ProjectControllerTest, locations = '{}', classes = '{class com.fsd.projectmanager.ProjectmangerApplication}', contextInitializerClasses = '[]', activeProfiles = '{}', propertySourceLocations = '{}', propertySourceProperties = '{org.springframework.boot.test.context.SpringBootTestContextBootstrapper=true}', contextCustomizers = set[org.springframework.boot.test.context.filter.ExcludeFilterContextCustomizer@c540f5a, org.springframework.boot.test.json.DuplicateJsonObjectContextCustomizerFactory$DuplicateJsonObjectContextCustomizer@61009542, org.springframework.boot.test.mock.mockito.MockitoContextCustomizer@0, org.springframework.boot.test.web.client.TestRestTemplateContextCustomizer@4ae3c1cd, org.springframework.boot.test.autoconfigure.properties.PropertyMappingContextCustomizer@0, org.springframework.boot.test.autoconfigure.web.servlet.WebDriverContextCustomizerFactory$Customizer@214b199c], resourceBasePath = 'src/main/webapp', contextLoader = 'org.springframework.boot.test.context.SpringBootContextLoader', parent = [null]], attributes = map['org.springframework.test.context.web.ServletTestExecutionListener.activateListener' -> true]], class annotated with @DirtiesContext [false] with mode [null].
18:54:17.021 [main] DEBUG org.springframework.test.annotation.ProfileValueUtils - Retrieved @ProfileValueSourceConfiguration [null] for test class [com.fsd.projectmanager.controller.ProjectControllerTest]
18:54:17.021 [main] DEBUG org.springframework.test.annotation.ProfileValueUtils - Retrieved ProfileValueSource type [class org.springframework.test.annotation.SystemProfileValueSource] for class [com.fsd.projectmanager.controller.ProjectControllerTest]
18:54:17.043 [main] DEBUG org.springframework.test.context.support.TestPropertySourceUtils - Adding inlined properties to environment: {spring.jmx.enabled=false, org.springframework.boot.test.context.SpringBootTestContextBootstrapper=true, server.port=-1}

  .   ____          _            __ _ _
 /\\ / ___'_ __ _ _(_)_ __  __ _ \ \ \ \
( ( )\___ | '_ | '_| | '_ \/ _` | \ \ \ \
 \\/  ___)| |_)| | | | | || (_| |  ) ) ) )
  '  |____| .__|_| |_|_| |_\__, | / / / /
 =========|_|==============|___/=/_/_/_/
 :: Spring Boot ::        (v2.1.0.RELEASE)

2018-12-12 18:54:17.892  INFO 10468 --- [           main] c.f.p.controller.ProjectControllerTest   : Starting ProjectControllerTest on Javafs with PID 10468 (started by JAVAFS$ in C:\Program Files (x86)\Jenkins\workspace\ProjectManager)
2018-12-12 18:54:17.907  INFO 10468 --- [           main] c.f.p.controller.ProjectControllerTest   : No active profile set, falling back to default profiles: default
2018-12-12 18:54:18.840  INFO 10468 --- [           main] .s.d.r.c.RepositoryConfigurationDelegate : Bootstrapping Spring Data repositories in DEFAULT mode.
2018-12-12 18:54:18.982  INFO 10468 --- [           main] .s.d.r.c.RepositoryConfigurationDelegate : Finished Spring Data repository scanning in 134ms. Found 4 repository interfaces.
2018-12-12 18:54:19.460  INFO 10468 --- [           main] trationDelegate$BeanPostProcessorChecker : Bean 'org.springframework.transaction.annotation.ProxyTransactionManagementConfiguration' of type [org.springframework.transaction.annotation.ProxyTransactionManagementConfiguration$$EnhancerBySpringCGLIB$$1af91100] is not eligible for getting processed by all BeanPostProcessors (for example: not eligible for auto-proxying)
Loading class `com.mysql.jdbc.Driver'. This is deprecated. The new driver class is `com.mysql.cj.jdbc.Driver'. The driver is automatically registered via the SPI and manual loading of the driver class is generally unnecessary.
2018-12-12 18:54:19.729  INFO 10468 --- [           main] com.zaxxer.hikari.HikariDataSource       : HikariPool-1 - Starting...
2018-12-12 18:54:19.732  WARN 10468 --- [           main] com.zaxxer.hikari.util.DriverDataSource  : Registered driver with driverClassName=com.mysql.jdbc.Driver was not found, trying direct instantiation.
2018-12-12 18:54:20.041  INFO 10468 --- [           main] com.zaxxer.hikari.HikariDataSource       : HikariPool-1 - Start completed.
2018-12-12 18:54:20.121  INFO 10468 --- [           main] o.hibernate.jpa.internal.util.LogHelper  : HHH000204: Processing PersistenceUnitInfo [
	name: default
	...]
2018-12-12 18:54:20.167  INFO 10468 --- [           main] org.hibernate.Version                    : HHH000412: Hibernate Core {5.3.7.Final}
2018-12-12 18:54:20.167  INFO 10468 --- [           main] org.hibernate.cfg.Environment            : HHH000206: hibernate.properties not found
2018-12-12 18:54:20.350  INFO 10468 --- [           main] o.hibernate.annotations.common.Version   : HCANN000001: Hibernate Commons Annotations {5.0.4.Final}
2018-12-12 18:54:20.593  INFO 10468 --- [           main] org.hibernate.dialect.Dialect            : HHH000400: Using dialect: org.hibernate.dialect.MySQL5Dialect
2018-12-12 18:54:21.291  INFO 10468 --- [           main] j.LocalContainerEntityManagerFactoryBean : Initialized JPA EntityManagerFactory for persistence unit 'default'
2018-12-12 18:54:21.593  INFO 10468 --- [           main] o.h.h.i.QueryTranslatorFactoryInitiator  : HHH000397: Using ASTQueryTranslatorFactory
2018-12-12 18:54:22.307  INFO 10468 --- [           main] o.s.s.concurrent.ThreadPoolTaskExecutor  : Initializing ExecutorService 'applicationTaskExecutor'
2018-12-12 18:54:22.365  WARN 10468 --- [           main] aWebConfiguration$JpaWebMvcConfiguration : spring.jpa.open-in-view is enabled by default. Therefore, database queries may be performed during view rendering. Explicitly configure spring.jpa.open-in-view to disable this warning
2018-12-12 18:54:22.671  INFO 10468 --- [           main] c.f.p.controller.ProjectControllerTest   : Started ProjectControllerTest in 5.62 seconds (JVM running for 6.682)
2018-12-12 18:54:23.038  INFO 10468 --- [           main] o.s.mock.web.MockServletContext          : Initializing Spring TestDispatcherServlet ''
2018-12-12 18:54:23.039  INFO 10468 --- [           main] o.s.t.web.servlet.TestDispatcherServlet  : Initializing Servlet ''
2018-12-12 18:54:23.040  INFO 10468 --- [           main] o.s.t.web.servlet.TestDispatcherServlet  : Completed initialization in 0 ms
2018-12-12 18:54:23.073  INFO 10468 --- [           main] o.s.mock.web.MockServletContext          : Initializing Spring TestDispatcherServlet ''
2018-12-12 18:54:23.073  INFO 10468 --- [           main] o.s.t.web.servlet.TestDispatcherServlet  : Initializing Servlet ''
2018-12-12 18:54:23.073  INFO 10468 --- [           main] o.s.t.web.servlet.TestDispatcherServlet  : Completed initialization in 0 ms
2018-12-12 18:54:23.088  INFO 10468 --- [           main] o.s.mock.web.MockServletContext          : Initializing Spring TestDispatcherServlet ''
2018-12-12 18:54:23.088  INFO 10468 --- [           main] o.s.t.web.servlet.TestDispatcherServlet  : Initializing Servlet ''
2018-12-12 18:54:23.088  INFO 10468 --- [           main] o.s.t.web.servlet.TestDispatcherServlet  : Completed initialization in 0 ms
2018-12-12 18:54:23.109  INFO 10468 --- [           main] o.s.mock.web.MockServletContext          : Initializing Spring TestDispatcherServlet ''
2018-12-12 18:54:23.110  INFO 10468 --- [           main] o.s.t.web.servlet.TestDispatcherServlet  : Initializing Servlet ''
2018-12-12 18:54:23.110  INFO 10468 --- [           main] o.s.t.web.servlet.TestDispatcherServlet  : Completed initialization in 0 ms
2018-12-12 18:54:23.129  INFO 10468 --- [           main] o.s.mock.web.MockServletContext          : Initializing Spring TestDispatcherServlet ''
2018-12-12 18:54:23.133  INFO 10468 --- [           main] o.s.t.web.servlet.TestDispatcherServlet  : Initializing Servlet ''
2018-12-12 18:54:23.133  INFO 10468 --- [           main] o.s.t.web.servlet.TestDispatcherServlet  : Completed initialization in 0 ms
2018-12-12 18:54:23.151  INFO 10468 --- [           main] o.s.mock.web.MockServletContext          : Initializing Spring TestDispatcherServlet ''
2018-12-12 18:54:23.151  INFO 10468 --- [           main] o.s.t.web.servlet.TestDispatcherServlet  : Initializing Servlet ''
2018-12-12 18:54:23.151  INFO 10468 --- [           main] o.s.t.web.servlet.TestDispatcherServlet  : Completed initialization in 0 ms
2018-12-12 18:54:23.172  INFO 10468 --- [           main] o.s.mock.web.MockServletContext          : Initializing Spring TestDispatcherServlet ''
2018-12-12 18:54:23.173  INFO 10468 --- [           main] o.s.t.web.servlet.TestDispatcherServlet  : Initializing Servlet ''
2018-12-12 18:54:23.173  INFO 10468 --- [           main] o.s.t.web.servlet.TestDispatcherServlet  : Completed initialization in 0 ms
2018-12-12 18:54:23.188  INFO 10468 --- [           main] o.s.mock.web.MockServletContext          : Initializing Spring TestDispatcherServlet ''
2018-12-12 18:54:23.188  INFO 10468 --- [           main] o.s.t.web.servlet.TestDispatcherServlet  : Initializing Servlet ''
2018-12-12 18:54:23.189  INFO 10468 --- [           main] o.s.t.web.servlet.TestDispatcherServlet  : Completed initialization in 1 ms
2018-12-12 18:54:23.202  INFO 10468 --- [           main] o.s.mock.web.MockServletContext          : Initializing Spring TestDispatcherServlet ''
2018-12-12 18:54:23.202  INFO 10468 --- [           main] o.s.t.web.servlet.TestDispatcherServlet  : Initializing Servlet ''
2018-12-12 18:54:23.202  INFO 10468 --- [           main] o.s.t.web.servlet.TestDispatcherServlet  : Completed initialization in 0 ms
2018-12-12 18:54:23.214  INFO 10468 --- [           main] o.s.mock.web.MockServletContext          : Initializing Spring TestDispatcherServlet ''
2018-12-12 18:54:23.214  INFO 10468 --- [           main] o.s.t.web.servlet.TestDispatcherServlet  : Initializing Servlet ''
2018-12-12 18:54:23.214  INFO 10468 --- [           main] o.s.t.web.servlet.TestDispatcherServlet  : Completed initialization in 0 ms
2018-12-12 18:54:23.232  INFO 10468 --- [           main] o.s.mock.web.MockServletContext          : Initializing Spring TestDispatcherServlet ''
2018-12-12 18:54:23.232  INFO 10468 --- [           main] o.s.t.web.servlet.TestDispatcherServlet  : Initializing Servlet ''
2018-12-12 18:54:23.232  INFO 10468 --- [           main] o.s.t.web.servlet.TestDispatcherServlet  : Completed initialization in 0 ms
2018-12-12 18:54:23.250  INFO 10468 --- [           main] o.s.mock.web.MockServletContext          : Initializing Spring TestDispatcherServlet ''
2018-12-12 18:54:23.250  INFO 10468 --- [           main] o.s.t.web.servlet.TestDispatcherServlet  : Initializing Servlet ''
2018-12-12 18:54:23.250  INFO 10468 --- [           main] o.s.t.web.servlet.TestDispatcherServlet  : Completed initialization in 0 ms
2018-12-12 18:54:23.264  INFO 10468 --- [           main] o.s.mock.web.MockServletContext          : Initializing Spring TestDispatcherServlet ''
2018-12-12 18:54:23.265  INFO 10468 --- [           main] o.s.t.web.servlet.TestDispatcherServlet  : Initializing Servlet ''
2018-12-12 18:54:23.266  INFO 10468 --- [           main] o.s.t.web.servlet.TestDispatcherServlet  : Completed initialization in 1 ms
2018-12-12 18:54:23.291  INFO 10468 --- [           main] o.s.mock.web.MockServletContext          : Initializing Spring TestDispatcherServlet ''
2018-12-12 18:54:23.291  INFO 10468 --- [           main] o.s.t.web.servlet.TestDispatcherServlet  : Initializing Servlet ''
2018-12-12 18:54:23.291  INFO 10468 --- [           main] o.s.t.web.servlet.TestDispatcherServlet  : Completed initialization in 0 ms
2018-12-12 18:54:23.315  INFO 10468 --- [           main] o.s.mock.web.MockServletContext          : Initializing Spring TestDispatcherServlet ''
2018-12-12 18:54:23.315  INFO 10468 --- [           main] o.s.t.web.servlet.TestDispatcherServlet  : Initializing Servlet ''
2018-12-12 18:54:23.315  INFO 10468 --- [           main] o.s.t.web.servlet.TestDispatcherServlet  : Completed initialization in 0 ms
2018-12-12 18:54:23.330  INFO 10468 --- [           main] o.s.mock.web.MockServletContext          : Initializing Spring TestDispatcherServlet ''
2018-12-12 18:54:23.330  INFO 10468 --- [           main] o.s.t.web.servlet.TestDispatcherServlet  : Initializing Servlet ''
2018-12-12 18:54:23.330  INFO 10468 --- [           main] o.s.t.web.servlet.TestDispatcherServlet  : Completed initialization in 0 ms
2018-12-12 18:54:23.343  INFO 10468 --- [           main] o.s.mock.web.MockServletContext          : Initializing Spring TestDispatcherServlet ''
2018-12-12 18:54:23.343  INFO 10468 --- [           main] o.s.t.web.servlet.TestDispatcherServlet  : Initializing Servlet ''
2018-12-12 18:54:23.343  INFO 10468 --- [           main] o.s.t.web.servlet.TestDispatcherServlet  : Completed initialization in 0 ms
[INFO] Tests run: 17, Failures: 0, Errors: 0, Skipped: 0, Time elapsed: 7.152 s - in com.fsd.projectmanager.controller.ProjectControllerTest
[INFO] Running com.fsd.projectmanager.ProjectmangerApplicationTests
2018-12-12 18:54:23.345  INFO 10468 --- [           main] .b.t.c.SpringBootTestContextBootstrapper : Neither @ContextConfiguration nor @ContextHierarchy found for test class [com.fsd.projectmanager.ProjectmangerApplicationTests], using SpringBootContextLoader
2018-12-12 18:54:23.348  INFO 10468 --- [           main] o.s.t.c.support.AbstractContextLoader    : Could not detect default resource locations for test class [com.fsd.projectmanager.ProjectmangerApplicationTests]: no resource found for suffixes {-context.xml, Context.groovy}.
2018-12-12 18:54:23.348  INFO 10468 --- [           main] t.c.s.AnnotationConfigContextLoaderUtils : Could not detect default configuration classes for test class [com.fsd.projectmanager.ProjectmangerApplicationTests]: ProjectmangerApplicationTests does not declare any static, non-private, non-final, nested classes annotated with @Configuration.
2018-12-12 18:54:23.354  INFO 10468 --- [           main] .b.t.c.SpringBootTestContextBootstrapper : Found @SpringBootConfiguration com.fsd.projectmanager.ProjectmangerApplication for test class com.fsd.projectmanager.ProjectmangerApplicationTests
2018-12-12 18:54:23.355  INFO 10468 --- [           main] .b.t.c.SpringBootTestContextBootstrapper : Loaded default TestExecutionListener class names from location [META-INF/spring.factories]: [org.springframework.boot.test.mock.mockito.MockitoTestExecutionListener, org.springframework.boot.test.mock.mockito.ResetMocksTestExecutionListener, org.springframework.boot.test.autoconfigure.restdocs.RestDocsTestExecutionListener, org.springframework.boot.test.autoconfigure.web.client.MockRestServiceServerResetTestExecutionListener, org.springframework.boot.test.autoconfigure.web.servlet.MockMvcPrintOnlyOnFailureTestExecutionListener, org.springframework.boot.test.autoconfigure.web.servlet.WebDriverTestExecutionListener, org.springframework.test.context.web.ServletTestExecutionListener, org.springframework.test.context.support.DirtiesContextBeforeModesTestExecutionListener, org.springframework.test.context.support.DependencyInjectionTestExecutionListener, org.springframework.test.context.support.DirtiesContextTestExecutionListener, org.springframework.test.context.transaction.TransactionalTestExecutionListener, org.springframework.test.context.jdbc.SqlScriptsTestExecutionListener]
2018-12-12 18:54:23.355  INFO 10468 --- [           main] .b.t.c.SpringBootTestContextBootstrapper : Using TestExecutionListeners: [org.springframework.test.context.web.ServletTestExecutionListener@35454c7a, org.springframework.test.context.support.DirtiesContextBeforeModesTestExecutionListener@50f3ba6a, org.springframework.boot.test.mock.mockito.MockitoTestExecutionListener@319aa9ee, org.springframework.boot.test.autoconfigure.SpringBootDependencyInjectionTestExecutionListener@1d806de6, org.springframework.test.context.support.DirtiesContextTestExecutionListener@2b9d4b0, org.springframework.test.context.transaction.TransactionalTestExecutionListener@4f541e67, org.springframework.test.context.jdbc.SqlScriptsTestExecutionListener@2be50bba, org.springframework.boot.test.mock.mockito.ResetMocksTestExecutionListener@3514ac7d, org.springframework.boot.test.autoconfigure.restdocs.RestDocsTestExecutionListener@79c4f23b, org.springframework.boot.test.autoconfigure.web.client.MockRestServiceServerResetTestExecutionListener@160c7c42, org.springframework.boot.test.autoconfigure.web.servlet.MockMvcPrintOnlyOnFailureTestExecutionListener@15371de2, org.springframework.boot.test.autoconfigure.web.servlet.WebDriverTestExecutionListener@5503c7d]
[INFO] Tests run: 1, Failures: 0, Errors: 0, Skipped: 0, Time elapsed: 0.014 s - in com.fsd.projectmanager.ProjectmangerApplicationTests
[INFO] Running com.fsd.projectmanager.service.impl.ProjectServiceImplTest
2018-12-12 18:54:23.609  INFO 10468 --- [           main] o.s.mock.web.MockServletContext          : Initializing Spring TestDispatcherServlet ''
2018-12-12 18:54:23.609  INFO 10468 --- [           main] o.s.t.web.servlet.TestDispatcherServlet  : Initializing Servlet ''
2018-12-12 18:54:23.610  INFO 10468 --- [           main] o.s.t.web.servlet.TestDispatcherServlet  : Completed initialization in 0 ms
2018-12-12 18:54:23.620  INFO 10468 --- [           main] o.s.mock.web.MockServletContext          : Initializing Spring TestDispatcherServlet ''
2018-12-12 18:54:23.620  INFO 10468 --- [           main] o.s.t.web.servlet.TestDispatcherServlet  : Initializing Servlet ''
2018-12-12 18:54:23.620  INFO 10468 --- [           main] o.s.t.web.servlet.TestDispatcherServlet  : Completed initialization in 0 ms
2018-12-12 18:54:23.628  INFO 10468 --- [           main] o.s.mock.web.MockServletContext          : Initializing Spring TestDispatcherServlet ''
2018-12-12 18:54:23.628  INFO 10468 --- [           main] o.s.t.web.servlet.TestDispatcherServlet  : Initializing Servlet ''
2018-12-12 18:54:23.629  INFO 10468 --- [           main] o.s.t.web.servlet.TestDispatcherServlet  : Completed initialization in 1 ms
2018-12-12 18:54:23.637  INFO 10468 --- [           main] o.s.mock.web.MockServletContext          : Initializing Spring TestDispatcherServlet ''
2018-12-12 18:54:23.637  INFO 10468 --- [           main] o.s.t.web.servlet.TestDispatcherServlet  : Initializing Servlet ''
2018-12-12 18:54:23.637  INFO 10468 --- [           main] o.s.t.web.servlet.TestDispatcherServlet  : Completed initialization in 0 ms
2018-12-12 18:54:23.646  INFO 10468 --- [           main] o.s.mock.web.MockServletContext          : Initializing Spring TestDispatcherServlet ''
2018-12-12 18:54:23.647  INFO 10468 --- [           main] o.s.t.web.servlet.TestDispatcherServlet  : Initializing Servlet ''
2018-12-12 18:54:23.647  INFO 10468 --- [           main] o.s.t.web.servlet.TestDispatcherServlet  : Completed initialization in 0 ms
2018-12-12 18:54:23.655  INFO 10468 --- [           main] o.s.mock.web.MockServletContext          : Initializing Spring TestDispatcherServlet ''
2018-12-12 18:54:23.655  INFO 10468 --- [           main] o.s.t.web.servlet.TestDispatcherServlet  : Initializing Servlet ''
2018-12-12 18:54:23.655  INFO 10468 --- [           main] o.s.t.web.servlet.TestDispatcherServlet  : Completed initialization in 0 ms
2018-12-12 18:54:23.664  INFO 10468 --- [           main] o.s.mock.web.MockServletContext          : Initializing Spring TestDispatcherServlet ''
2018-12-12 18:54:23.665  INFO 10468 --- [           main] o.s.t.web.servlet.TestDispatcherServlet  : Initializing Servlet ''
2018-12-12 18:54:23.665  INFO 10468 --- [           main] o.s.t.web.servlet.TestDispatcherServlet  : Completed initialization in 0 ms
2018-12-12 18:54:23.682  INFO 10468 --- [           main] o.s.mock.web.MockServletContext          : Initializing Spring TestDispatcherServlet ''
2018-12-12 18:54:23.682  INFO 10468 --- [           main] o.s.t.web.servlet.TestDispatcherServlet  : Initializing Servlet ''
2018-12-12 18:54:23.682  INFO 10468 --- [           main] o.s.t.web.servlet.TestDispatcherServlet  : Completed initialization in 0 ms
2018-12-12 18:54:23.692  INFO 10468 --- [           main] o.s.mock.web.MockServletContext          : Initializing Spring TestDispatcherServlet ''
2018-12-12 18:54:23.692  INFO 10468 --- [           main] o.s.t.web.servlet.TestDispatcherServlet  : Initializing Servlet ''
2018-12-12 18:54:23.692  INFO 10468 --- [           main] o.s.t.web.servlet.TestDispatcherServlet  : Completed initialization in 0 ms
2018-12-12 18:54:23.700  INFO 10468 --- [           main] o.s.mock.web.MockServletContext          : Initializing Spring TestDispatcherServlet ''
2018-12-12 18:54:23.701  INFO 10468 --- [           main] o.s.t.web.servlet.TestDispatcherServlet  : Initializing Servlet ''
2018-12-12 18:54:23.701  INFO 10468 --- [           main] o.s.t.web.servlet.TestDispatcherServlet  : Completed initialization in 0 ms
2018-12-12 18:54:23.710  INFO 10468 --- [           main] o.s.mock.web.MockServletContext          : Initializing Spring TestDispatcherServlet ''
2018-12-12 18:54:23.710  INFO 10468 --- [           main] o.s.t.web.servlet.TestDispatcherServlet  : Initializing Servlet ''
2018-12-12 18:54:23.710  INFO 10468 --- [           main] o.s.t.web.servlet.TestDispatcherServlet  : Completed initialization in 0 ms
2018-12-12 18:54:23.720  INFO 10468 --- [           main] o.s.mock.web.MockServletContext          : Initializing Spring TestDispatcherServlet ''
2018-12-12 18:54:23.720  INFO 10468 --- [           main] o.s.t.web.servlet.TestDispatcherServlet  : Initializing Servlet ''
2018-12-12 18:54:23.720  INFO 10468 --- [           main] o.s.t.web.servlet.TestDispatcherServlet  : Completed initialization in 0 ms
2018-12-12 18:54:23.738  INFO 10468 --- [           main] o.s.mock.web.MockServletContext          : Initializing Spring TestDispatcherServlet ''
2018-12-12 18:54:23.738  INFO 10468 --- [           main] o.s.t.web.servlet.TestDispatcherServlet  : Initializing Servlet ''
2018-12-12 18:54:23.738  INFO 10468 --- [           main] o.s.t.web.servlet.TestDispatcherServlet  : Completed initialization in 0 ms
[INFO] Tests run: 13, Failures: 0, Errors: 0, Skipped: 0, Time elapsed: 0.015 s - in com.fsd.projectmanager.service.impl.ProjectServiceImplTest
2018-12-12 18:54:23.838  INFO 10468 --- [       Thread-3] o.s.s.concurrent.ThreadPoolTaskExecutor  : Shutting down ExecutorService 'applicationTaskExecutor'
2018-12-12 18:54:23.840  INFO 10468 --- [       Thread-3] j.LocalContainerEntityManagerFactoryBean : Closing JPA EntityManagerFactory for persistence unit 'default'
2018-12-12 18:54:23.844  INFO 10468 --- [       Thread-3] com.zaxxer.hikari.HikariDataSource       : HikariPool-1 - Shutdown initiated...
2018-12-12 18:54:23.918  INFO 10468 --- [       Thread-3] com.zaxxer.hikari.HikariDataSource       : HikariPool-1 - Shutdown completed.
[INFO] 
[INFO] Results:
[INFO] 
[INFO] Tests run: 31, Failures: 0, Errors: 0, Skipped: 0
[INFO] 
[INFO] 
[INFO] --- maven-jar-plugin:3.1.0:jar (default-jar) @ projectmanager ---
[INFO] Building jar: C:\Program Files (x86)\Jenkins\workspace\ProjectManager\target\projectmanager-0.0.1-SNAPSHOT.jar
[INFO] 
[INFO] --- spring-boot-maven-plugin:2.1.0.RELEASE:repackage (repackage) @ projectmanager ---
[INFO] Replacing main artifact C:\Program Files (x86)\Jenkins\workspace\ProjectManager\target\projectmanager-0.0.1-SNAPSHOT.jar
[INFO] 
[INFO] --- maven-install-plugin:2.5.2:install (default-install) @ projectmanager ---
[INFO] Installing C:\Program Files (x86)\Jenkins\workspace\ProjectManager\target\projectmanager-0.0.1-SNAPSHOT.jar to C:\Windows\system32\config\systemprofile\.m2\repository\com\fsd\projectmanager\0.0.1-SNAPSHOT\projectmanager-0.0.1-SNAPSHOT.jar
[INFO] Installing C:\Program Files (x86)\Jenkins\workspace\ProjectManager\pom.xml to C:\Windows\system32\config\systemprofile\.m2\repository\com\fsd\projectmanager\0.0.1-SNAPSHOT\projectmanager-0.0.1-SNAPSHOT.pom
[INFO] ------------------------------------------------------------------------
[INFO] BUILD SUCCESS
[INFO] ------------------------------------------------------------------------
[INFO] Total time:  11.307 s
[INFO] Finished at: 2018-12-12T18:54:25+05:30
[INFO] ------------------------------------------------------------------------
[Pipeline] }
[Pipeline] // withEnv
[Pipeline] }
[Pipeline] // stage
[Pipeline] stage
[Pipeline] { (Docker-Build)
[Pipeline] tool
[Pipeline] envVarsForTool
[Pipeline] tool
[Pipeline] envVarsForTool
[Pipeline] withEnv
[Pipeline] {
[Pipeline] bat

C:\Program Files (x86)\Jenkins\workspace\ProjectManager>mvn package docker:build 
[INFO] Scanning for projects...
[INFO] 
[INFO] -----------------------< com.fsd:projectmanager >-----------------------
[INFO] Building projectmanger 0.0.1-SNAPSHOT
[INFO] --------------------------------[ jar ]---------------------------------
[INFO] 
[INFO] --- maven-resources-plugin:3.1.0:resources (default-resources) @ projectmanager ---
[INFO] Using 'UTF-8' encoding to copy filtered resources.
[INFO] Copying 1 resource
[INFO] Copying 0 resource
[INFO] 
[INFO] --- maven-compiler-plugin:3.8.0:compile (default-compile) @ projectmanager ---
[INFO] Nothing to compile - all classes are up to date
[INFO] 
[INFO] --- maven-resources-plugin:3.1.0:testResources (default-testResources) @ projectmanager ---
[INFO] Using 'UTF-8' encoding to copy filtered resources.
[INFO] skip non existing resourceDirectory C:\Program Files (x86)\Jenkins\workspace\ProjectManager\src\test\resources
[INFO] 
[INFO] --- maven-compiler-plugin:3.8.0:testCompile (default-testCompile) @ projectmanager ---
[INFO] Nothing to compile - all classes are up to date
[INFO] 
[INFO] --- maven-surefire-plugin:2.22.1:test (default-test) @ projectmanager ---
[INFO] 
[INFO] -------------------------------------------------------
[INFO]  T E S T S
[INFO] -------------------------------------------------------
[INFO] Running com.fsd.projectmanager.controller.ProjectControllerTest
18:54:30.299 [main] DEBUG org.springframework.test.context.junit4.SpringJUnit4ClassRunner - SpringJUnit4ClassRunner constructor called with [class com.fsd.projectmanager.controller.ProjectControllerTest]
18:54:30.305 [main] DEBUG org.springframework.test.context.BootstrapUtils - Instantiating CacheAwareContextLoaderDelegate from class [org.springframework.test.context.cache.DefaultCacheAwareContextLoaderDelegate]
18:54:30.321 [main] DEBUG org.springframework.test.context.BootstrapUtils - Instantiating BootstrapContext using constructor [public org.springframework.test.context.support.DefaultBootstrapContext(java.lang.Class,org.springframework.test.context.CacheAwareContextLoaderDelegate)]
18:54:30.352 [main] DEBUG org.springframework.test.context.BootstrapUtils - Instantiating TestContextBootstrapper for test class [com.fsd.projectmanager.controller.ProjectControllerTest] from class [org.springframework.boot.test.context.SpringBootTestContextBootstrapper]
18:54:30.362 [main] INFO org.springframework.boot.test.context.SpringBootTestContextBootstrapper - Neither @ContextConfiguration nor @ContextHierarchy found for test class [com.fsd.projectmanager.controller.ProjectControllerTest], using SpringBootContextLoader
18:54:30.368 [main] DEBUG org.springframework.test.context.support.AbstractContextLoader - Did not detect default resource location for test class [com.fsd.projectmanager.controller.ProjectControllerTest]: class path resource [com/fsd/projectmanager/controller/ProjectControllerTest-context.xml] does not exist
18:54:30.369 [main] DEBUG org.springframework.test.context.support.AbstractContextLoader - Did not detect default resource location for test class [com.fsd.projectmanager.controller.ProjectControllerTest]: class path resource [com/fsd/projectmanager/controller/ProjectControllerTestContext.groovy] does not exist
18:54:30.369 [main] INFO org.springframework.test.context.support.AbstractContextLoader - Could not detect default resource locations for test class [com.fsd.projectmanager.controller.ProjectControllerTest]: no resource found for suffixes {-context.xml, Context.groovy}.
18:54:30.370 [main] INFO org.springframework.test.context.support.AnnotationConfigContextLoaderUtils - Could not detect default configuration classes for test class [com.fsd.projectmanager.controller.ProjectControllerTest]: ProjectControllerTest does not declare any static, non-private, non-final, nested classes annotated with @Configuration.
18:54:30.417 [main] DEBUG org.springframework.test.context.support.ActiveProfilesUtils - Could not find an 'annotation declaring class' for annotation type [org.springframework.test.context.ActiveProfiles] and class [com.fsd.projectmanager.controller.ProjectControllerTest]
18:54:30.529 [main] DEBUG org.springframework.context.annotation.ClassPathScanningCandidateComponentProvider - Identified candidate component class: file [C:\Program Files (x86)\Jenkins\workspace\ProjectManager\target\classes\com\fsd\projectmanager\ProjectmangerApplication.class]
18:54:30.530 [main] INFO org.springframework.boot.test.context.SpringBootTestContextBootstrapper - Found @SpringBootConfiguration com.fsd.projectmanager.ProjectmangerApplication for test class com.fsd.projectmanager.controller.ProjectControllerTest
18:54:30.625 [main] DEBUG org.springframework.boot.test.context.SpringBootTestContextBootstrapper - @TestExecutionListeners is not present for class [com.fsd.projectmanager.controller.ProjectControllerTest]: using defaults.
18:54:30.625 [main] INFO org.springframework.boot.test.context.SpringBootTestContextBootstrapper - Loaded default TestExecutionListener class names from location [META-INF/spring.factories]: [org.springframework.boot.test.mock.mockito.MockitoTestExecutionListener, org.springframework.boot.test.mock.mockito.ResetMocksTestExecutionListener, org.springframework.boot.test.autoconfigure.restdocs.RestDocsTestExecutionListener, org.springframework.boot.test.autoconfigure.web.client.MockRestServiceServerResetTestExecutionListener, org.springframework.boot.test.autoconfigure.web.servlet.MockMvcPrintOnlyOnFailureTestExecutionListener, org.springframework.boot.test.autoconfigure.web.servlet.WebDriverTestExecutionListener, org.springframework.test.context.web.ServletTestExecutionListener, org.springframework.test.context.support.DirtiesContextBeforeModesTestExecutionListener, org.springframework.test.context.support.DependencyInjectionTestExecutionListener, org.springframework.test.context.support.DirtiesContextTestExecutionListener, org.springframework.test.context.transaction.TransactionalTestExecutionListener, org.springframework.test.context.jdbc.SqlScriptsTestExecutionListener]
18:54:30.637 [main] INFO org.springframework.boot.test.context.SpringBootTestContextBootstrapper - Using TestExecutionListeners: [org.springframework.test.context.web.ServletTestExecutionListener@2177849e, org.springframework.test.context.support.DirtiesContextBeforeModesTestExecutionListener@40cb8df7, org.springframework.boot.test.mock.mockito.MockitoTestExecutionListener@13b13b5d, org.springframework.boot.test.autoconfigure.SpringBootDependencyInjectionTestExecutionListener@2892dae4, org.springframework.test.context.support.DirtiesContextTestExecutionListener@355ce81c, org.springframework.test.context.transaction.TransactionalTestExecutionListener@29647f75, org.springframework.test.context.jdbc.SqlScriptsTestExecutionListener@3315d2d7, org.springframework.boot.test.mock.mockito.ResetMocksTestExecutionListener@d6e7bab, org.springframework.boot.test.autoconfigure.restdocs.RestDocsTestExecutionListener@5fa07e12, org.springframework.boot.test.autoconfigure.web.client.MockRestServiceServerResetTestExecutionListener@55b53d44, org.springframework.boot.test.autoconfigure.web.servlet.MockMvcPrintOnlyOnFailureTestExecutionListener@482bce4f, org.springframework.boot.test.autoconfigure.web.servlet.WebDriverTestExecutionListener@366647c2]
18:54:30.640 [main] DEBUG org.springframework.test.annotation.ProfileValueUtils - Retrieved @ProfileValueSourceConfiguration [null] for test class [com.fsd.projectmanager.controller.ProjectControllerTest]
18:54:30.642 [main] DEBUG org.springframework.test.annotation.ProfileValueUtils - Retrieved ProfileValueSource type [class org.springframework.test.annotation.SystemProfileValueSource] for class [com.fsd.projectmanager.controller.ProjectControllerTest]
18:54:30.643 [main] DEBUG org.springframework.test.annotation.ProfileValueUtils - Retrieved @ProfileValueSourceConfiguration [null] for test class [com.fsd.projectmanager.controller.ProjectControllerTest]
18:54:30.643 [main] DEBUG org.springframework.test.annotation.ProfileValueUtils - Retrieved ProfileValueSource type [class org.springframework.test.annotation.SystemProfileValueSource] for class [com.fsd.projectmanager.controller.ProjectControllerTest]
18:54:30.644 [main] DEBUG org.springframework.test.annotation.ProfileValueUtils - Retrieved @ProfileValueSourceConfiguration [null] for test class [com.fsd.projectmanager.controller.ProjectControllerTest]
18:54:30.644 [main] DEBUG org.springframework.test.annotation.ProfileValueUtils - Retrieved ProfileValueSource type [class org.springframework.test.annotation.SystemProfileValueSource] for class [com.fsd.projectmanager.controller.ProjectControllerTest]
18:54:30.647 [main] DEBUG org.springframework.test.context.support.AbstractDirtiesContextTestExecutionListener - Before test class: context [DefaultTestContext@62230c58 testClass = ProjectControllerTest, testInstance = [null], testMethod = [null], testException = [null], mergedContextConfiguration = [WebMergedContextConfiguration@2cd2a21f testClass = ProjectControllerTest, locations = '{}', classes = '{class com.fsd.projectmanager.ProjectmangerApplication}', contextInitializerClasses = '[]', activeProfiles = '{}', propertySourceLocations = '{}', propertySourceProperties = '{org.springframework.boot.test.context.SpringBootTestContextBootstrapper=true}', contextCustomizers = set[org.springframework.boot.test.context.filter.ExcludeFilterContextCustomizer@c540f5a, org.springframework.boot.test.json.DuplicateJsonObjectContextCustomizerFactory$DuplicateJsonObjectContextCustomizer@61009542, org.springframework.boot.test.mock.mockito.MockitoContextCustomizer@0, org.springframework.boot.test.web.client.TestRestTemplateContextCustomizer@4ae3c1cd, org.springframework.boot.test.autoconfigure.properties.PropertyMappingContextCustomizer@0, org.springframework.boot.test.autoconfigure.web.servlet.WebDriverContextCustomizerFactory$Customizer@214b199c], resourceBasePath = 'src/main/webapp', contextLoader = 'org.springframework.boot.test.context.SpringBootContextLoader', parent = [null]], attributes = map['org.springframework.test.context.web.ServletTestExecutionListener.activateListener' -> true]], class annotated with @DirtiesContext [false] with mode [null].
18:54:30.647 [main] DEBUG org.springframework.test.annotation.ProfileValueUtils - Retrieved @ProfileValueSourceConfiguration [null] for test class [com.fsd.projectmanager.controller.ProjectControllerTest]
18:54:30.647 [main] DEBUG org.springframework.test.annotation.ProfileValueUtils - Retrieved ProfileValueSource type [class org.springframework.test.annotation.SystemProfileValueSource] for class [com.fsd.projectmanager.controller.ProjectControllerTest]
18:54:30.684 [main] DEBUG org.springframework.test.context.support.TestPropertySourceUtils - Adding inlined properties to environment: {spring.jmx.enabled=false, org.springframework.boot.test.context.SpringBootTestContextBootstrapper=true, server.port=-1}

  .   ____          _            __ _ _
 /\\ / ___'_ __ _ _(_)_ __  __ _ \ \ \ \
( ( )\___ | '_ | '_| | '_ \/ _` | \ \ \ \
 \\/  ___)| |_)| | | | | || (_| |  ) ) ) )
  '  |____| .__|_| |_|_| |_\__, | / / / /
 =========|_|==============|___/=/_/_/_/
 :: Spring Boot ::        (v2.1.0.RELEASE)

2018-12-12 18:54:31.473  INFO 5680 --- [           main] c.f.p.controller.ProjectControllerTest   : Starting ProjectControllerTest on Javafs with PID 5680 (started by JAVAFS$ in C:\Program Files (x86)\Jenkins\workspace\ProjectManager)
2018-12-12 18:54:31.474  INFO 5680 --- [           main] c.f.p.controller.ProjectControllerTest   : No active profile set, falling back to default profiles: default
2018-12-12 18:54:32.072  INFO 5680 --- [           main] .s.d.r.c.RepositoryConfigurationDelegate : Bootstrapping Spring Data repositories in DEFAULT mode.
2018-12-12 18:54:32.166  INFO 5680 --- [           main] .s.d.r.c.RepositoryConfigurationDelegate : Finished Spring Data repository scanning in 83ms. Found 4 repository interfaces.
2018-12-12 18:54:32.575  INFO 5680 --- [           main] trationDelegate$BeanPostProcessorChecker : Bean 'org.springframework.transaction.annotation.ProxyTransactionManagementConfiguration' of type [org.springframework.transaction.annotation.ProxyTransactionManagementConfiguration$$EnhancerBySpringCGLIB$$1af91100] is not eligible for getting processed by all BeanPostProcessors (for example: not eligible for auto-proxying)
Loading class `com.mysql.jdbc.Driver'. This is deprecated. The new driver class is `com.mysql.cj.jdbc.Driver'. The driver is automatically registered via the SPI and manual loading of the driver class is generally unnecessary.
2018-12-12 18:54:32.822  INFO 5680 --- [           main] com.zaxxer.hikari.HikariDataSource       : HikariPool-1 - Starting...
2018-12-12 18:54:32.825  WARN 5680 --- [           main] com.zaxxer.hikari.util.DriverDataSource  : Registered driver with driverClassName=com.mysql.jdbc.Driver was not found, trying direct instantiation.
2018-12-12 18:54:33.089  INFO 5680 --- [           main] com.zaxxer.hikari.HikariDataSource       : HikariPool-1 - Start completed.
2018-12-12 18:54:33.165  INFO 5680 --- [           main] o.hibernate.jpa.internal.util.LogHelper  : HHH000204: Processing PersistenceUnitInfo [
	name: default
	...]
2018-12-12 18:54:33.225  INFO 5680 --- [           main] org.hibernate.Version                    : HHH000412: Hibernate Core {5.3.7.Final}
2018-12-12 18:54:33.228  INFO 5680 --- [           main] org.hibernate.cfg.Environment            : HHH000206: hibernate.properties not found
2018-12-12 18:54:33.355  INFO 5680 --- [           main] o.hibernate.annotations.common.Version   : HCANN000001: Hibernate Commons Annotations {5.0.4.Final}
2018-12-12 18:54:33.525  INFO 5680 --- [           main] org.hibernate.dialect.Dialect            : HHH000400: Using dialect: org.hibernate.dialect.MySQL5Dialect
2018-12-12 18:54:34.182  INFO 5680 --- [           main] j.LocalContainerEntityManagerFactoryBean : Initialized JPA EntityManagerFactory for persistence unit 'default'
2018-12-12 18:54:34.521  INFO 5680 --- [           main] o.h.h.i.QueryTranslatorFactoryInitiator  : HHH000397: Using ASTQueryTranslatorFactory
2018-12-12 18:54:35.267  INFO 5680 --- [           main] o.s.s.concurrent.ThreadPoolTaskExecutor  : Initializing ExecutorService 'applicationTaskExecutor'
2018-12-12 18:54:35.320  WARN 5680 --- [           main] aWebConfiguration$JpaWebMvcConfiguration : spring.jpa.open-in-view is enabled by default. Therefore, database queries may be performed during view rendering. Explicitly configure spring.jpa.open-in-view to disable this warning
2018-12-12 18:54:35.635  INFO 5680 --- [           main] c.f.p.controller.ProjectControllerTest   : Started ProjectControllerTest in 4.944 seconds (JVM running for 5.902)
2018-12-12 18:54:35.837  INFO 5680 --- [           main] o.s.mock.web.MockServletContext          : Initializing Spring TestDispatcherServlet ''
2018-12-12 18:54:35.838  INFO 5680 --- [           main] o.s.t.web.servlet.TestDispatcherServlet  : Initializing Servlet ''
2018-12-12 18:54:35.838  INFO 5680 --- [           main] o.s.t.web.servlet.TestDispatcherServlet  : Completed initialization in 0 ms
2018-12-12 18:54:36.065  INFO 5680 --- [           main] o.s.mock.web.MockServletContext          : Initializing Spring TestDispatcherServlet ''
2018-12-12 18:54:36.066  INFO 5680 --- [           main] o.s.t.web.servlet.TestDispatcherServlet  : Initializing Servlet ''
2018-12-12 18:54:36.066  INFO 5680 --- [           main] o.s.t.web.servlet.TestDispatcherServlet  : Completed initialization in 0 ms
2018-12-12 18:54:36.083  INFO 5680 --- [           main] o.s.mock.web.MockServletContext          : Initializing Spring TestDispatcherServlet ''
2018-12-12 18:54:36.083  INFO 5680 --- [           main] o.s.t.web.servlet.TestDispatcherServlet  : Initializing Servlet ''
2018-12-12 18:54:36.083  INFO 5680 --- [           main] o.s.t.web.servlet.TestDispatcherServlet  : Completed initialization in 0 ms
2018-12-12 18:54:36.104  INFO 5680 --- [           main] o.s.mock.web.MockServletContext          : Initializing Spring TestDispatcherServlet ''
2018-12-12 18:54:36.104  INFO 5680 --- [           main] o.s.t.web.servlet.TestDispatcherServlet  : Initializing Servlet ''
2018-12-12 18:54:36.104  INFO 5680 --- [           main] o.s.t.web.servlet.TestDispatcherServlet  : Completed initialization in 0 ms
2018-12-12 18:54:36.125  INFO 5680 --- [           main] o.s.mock.web.MockServletContext          : Initializing Spring TestDispatcherServlet ''
2018-12-12 18:54:36.125  INFO 5680 --- [           main] o.s.t.web.servlet.TestDispatcherServlet  : Initializing Servlet ''
2018-12-12 18:54:36.125  INFO 5680 --- [           main] o.s.t.web.servlet.TestDispatcherServlet  : Completed initialization in 0 ms
2018-12-12 18:54:36.143  INFO 5680 --- [           main] o.s.mock.web.MockServletContext          : Initializing Spring TestDispatcherServlet ''
2018-12-12 18:54:36.146  INFO 5680 --- [           main] o.s.t.web.servlet.TestDispatcherServlet  : Initializing Servlet ''
2018-12-12 18:54:36.147  INFO 5680 --- [           main] o.s.t.web.servlet.TestDispatcherServlet  : Completed initialization in 0 ms
2018-12-12 18:54:36.175  INFO 5680 --- [           main] o.s.mock.web.MockServletContext          : Initializing Spring TestDispatcherServlet ''
2018-12-12 18:54:36.176  INFO 5680 --- [           main] o.s.t.web.servlet.TestDispatcherServlet  : Initializing Servlet ''
2018-12-12 18:54:36.177  INFO 5680 --- [           main] o.s.t.web.servlet.TestDispatcherServlet  : Completed initialization in 0 ms
2018-12-12 18:54:36.194  INFO 5680 --- [           main] o.s.mock.web.MockServletContext          : Initializing Spring TestDispatcherServlet ''
2018-12-12 18:54:36.194  INFO 5680 --- [           main] o.s.t.web.servlet.TestDispatcherServlet  : Initializing Servlet ''
2018-12-12 18:54:36.194  INFO 5680 --- [           main] o.s.t.web.servlet.TestDispatcherServlet  : Completed initialization in 0 ms
2018-12-12 18:54:36.207  INFO 5680 --- [           main] o.s.mock.web.MockServletContext          : Initializing Spring TestDispatcherServlet ''
2018-12-12 18:54:36.207  INFO 5680 --- [           main] o.s.t.web.servlet.TestDispatcherServlet  : Initializing Servlet ''
2018-12-12 18:54:36.207  INFO 5680 --- [           main] o.s.t.web.servlet.TestDispatcherServlet  : Completed initialization in 0 ms
2018-12-12 18:54:36.221  INFO 5680 --- [           main] o.s.mock.web.MockServletContext          : Initializing Spring TestDispatcherServlet ''
2018-12-12 18:54:36.221  INFO 5680 --- [           main] o.s.t.web.servlet.TestDispatcherServlet  : Initializing Servlet ''
2018-12-12 18:54:36.221  INFO 5680 --- [           main] o.s.t.web.servlet.TestDispatcherServlet  : Completed initialization in 0 ms
2018-12-12 18:54:36.240  INFO 5680 --- [           main] o.s.mock.web.MockServletContext          : Initializing Spring TestDispatcherServlet ''
2018-12-12 18:54:36.240  INFO 5680 --- [           main] o.s.t.web.servlet.TestDispatcherServlet  : Initializing Servlet ''
2018-12-12 18:54:36.240  INFO 5680 --- [           main] o.s.t.web.servlet.TestDispatcherServlet  : Completed initialization in 0 ms
2018-12-12 18:54:36.257  INFO 5680 --- [           main] o.s.mock.web.MockServletContext          : Initializing Spring TestDispatcherServlet ''
2018-12-12 18:54:36.257  INFO 5680 --- [           main] o.s.t.web.servlet.TestDispatcherServlet  : Initializing Servlet ''
2018-12-12 18:54:36.257  INFO 5680 --- [           main] o.s.t.web.servlet.TestDispatcherServlet  : Completed initialization in 0 ms
2018-12-12 18:54:36.274  INFO 5680 --- [           main] o.s.mock.web.MockServletContext          : Initializing Spring TestDispatcherServlet ''
2018-12-12 18:54:36.275  INFO 5680 --- [           main] o.s.t.web.servlet.TestDispatcherServlet  : Initializing Servlet ''
2018-12-12 18:54:36.275  INFO 5680 --- [           main] o.s.t.web.servlet.TestDispatcherServlet  : Completed initialization in 0 ms
2018-12-12 18:54:36.298  INFO 5680 --- [           main] o.s.mock.web.MockServletContext          : Initializing Spring TestDispatcherServlet ''
2018-12-12 18:54:36.298  INFO 5680 --- [           main] o.s.t.web.servlet.TestDispatcherServlet  : Initializing Servlet ''
2018-12-12 18:54:36.298  INFO 5680 --- [           main] o.s.t.web.servlet.TestDispatcherServlet  : Completed initialization in 0 ms
2018-12-12 18:54:36.322  INFO 5680 --- [           main] o.s.mock.web.MockServletContext          : Initializing Spring TestDispatcherServlet ''
2018-12-12 18:54:36.322  INFO 5680 --- [           main] o.s.t.web.servlet.TestDispatcherServlet  : Initializing Servlet ''
2018-12-12 18:54:36.323  INFO 5680 --- [           main] o.s.t.web.servlet.TestDispatcherServlet  : Completed initialization in 0 ms
2018-12-12 18:54:36.337  INFO 5680 --- [           main] o.s.mock.web.MockServletContext          : Initializing Spring TestDispatcherServlet ''
2018-12-12 18:54:36.337  INFO 5680 --- [           main] o.s.t.web.servlet.TestDispatcherServlet  : Initializing Servlet ''
2018-12-12 18:54:36.338  INFO 5680 --- [           main] o.s.t.web.servlet.TestDispatcherServlet  : Completed initialization in 1 ms
2018-12-12 18:54:36.353  INFO 5680 --- [           main] o.s.mock.web.MockServletContext          : Initializing Spring TestDispatcherServlet ''
2018-12-12 18:54:36.355  INFO 5680 --- [           main] o.s.t.web.servlet.TestDispatcherServlet  : Initializing Servlet ''
2018-12-12 18:54:36.356  INFO 5680 --- [           main] o.s.t.web.servlet.TestDispatcherServlet  : Completed initialization in 0 ms
[INFO] Tests run: 17, Failures: 0, Errors: 0, Skipped: 0, Time elapsed: 6.557 s - in com.fsd.projectmanager.controller.ProjectControllerTest
[INFO] Running com.fsd.projectmanager.ProjectmangerApplicationTests
2018-12-12 18:54:36.358  INFO 5680 --- [           main] .b.t.c.SpringBootTestContextBootstrapper : Neither @ContextConfiguration nor @ContextHierarchy found for test class [com.fsd.projectmanager.ProjectmangerApplicationTests], using SpringBootContextLoader
2018-12-12 18:54:36.360  INFO 5680 --- [           main] o.s.t.c.support.AbstractContextLoader    : Could not detect default resource locations for test class [com.fsd.projectmanager.ProjectmangerApplicationTests]: no resource found for suffixes {-context.xml, Context.groovy}.
2018-12-12 18:54:36.360  INFO 5680 --- [           main] t.c.s.AnnotationConfigContextLoaderUtils : Could not detect default configuration classes for test class [com.fsd.projectmanager.ProjectmangerApplicationTests]: ProjectmangerApplicationTests does not declare any static, non-private, non-final, nested classes annotated with @Configuration.
2018-12-12 18:54:36.367  INFO 5680 --- [           main] .b.t.c.SpringBootTestContextBootstrapper : Found @SpringBootConfiguration com.fsd.projectmanager.ProjectmangerApplication for test class com.fsd.projectmanager.ProjectmangerApplicationTests
2018-12-12 18:54:36.368  INFO 5680 --- [           main] .b.t.c.SpringBootTestContextBootstrapper : Loaded default TestExecutionListener class names from location [META-INF/spring.factories]: [org.springframework.boot.test.mock.mockito.MockitoTestExecutionListener, org.springframework.boot.test.mock.mockito.ResetMocksTestExecutionListener, org.springframework.boot.test.autoconfigure.restdocs.RestDocsTestExecutionListener, org.springframework.boot.test.autoconfigure.web.client.MockRestServiceServerResetTestExecutionListener, org.springframework.boot.test.autoconfigure.web.servlet.MockMvcPrintOnlyOnFailureTestExecutionListener, org.springframework.boot.test.autoconfigure.web.servlet.WebDriverTestExecutionListener, org.springframework.test.context.web.ServletTestExecutionListener, org.springframework.test.context.support.DirtiesContextBeforeModesTestExecutionListener, org.springframework.test.context.support.DependencyInjectionTestExecutionListener, org.springframework.test.context.support.DirtiesContextTestExecutionListener, org.springframework.test.context.transaction.TransactionalTestExecutionListener, org.springframework.test.context.jdbc.SqlScriptsTestExecutionListener]
2018-12-12 18:54:36.368  INFO 5680 --- [           main] .b.t.c.SpringBootTestContextBootstrapper : Using TestExecutionListeners: [org.springframework.test.context.web.ServletTestExecutionListener@35454c7a, org.springframework.test.context.support.DirtiesContextBeforeModesTestExecutionListener@50f3ba6a, org.springframework.boot.test.mock.mockito.MockitoTestExecutionListener@319aa9ee, org.springframework.boot.test.autoconfigure.SpringBootDependencyInjectionTestExecutionListener@1d806de6, org.springframework.test.context.support.DirtiesContextTestExecutionListener@2b9d4b0, org.springframework.test.context.transaction.TransactionalTestExecutionListener@4f541e67, org.springframework.test.context.jdbc.SqlScriptsTestExecutionListener@2be50bba, org.springframework.boot.test.mock.mockito.ResetMocksTestExecutionListener@3514ac7d, org.springframework.boot.test.autoconfigure.restdocs.RestDocsTestExecutionListener@79c4f23b, org.springframework.boot.test.autoconfigure.web.client.MockRestServiceServerResetTestExecutionListener@160c7c42, org.springframework.boot.test.autoconfigure.web.servlet.MockMvcPrintOnlyOnFailureTestExecutionListener@15371de2, org.springframework.boot.test.autoconfigure.web.servlet.WebDriverTestExecutionListener@5503c7d]
[INFO] Tests run: 1, Failures: 0, Errors: 0, Skipped: 0, Time elapsed: 0.014 s - in com.fsd.projectmanager.ProjectmangerApplicationTests
[INFO] Running com.fsd.projectmanager.service.impl.ProjectServiceImplTest
2018-12-12 18:54:36.537  INFO 5680 --- [           main] o.s.mock.web.MockServletContext          : Initializing Spring TestDispatcherServlet ''
2018-12-12 18:54:36.537  INFO 5680 --- [           main] o.s.t.web.servlet.TestDispatcherServlet  : Initializing Servlet ''
2018-12-12 18:54:36.538  INFO 5680 --- [           main] o.s.t.web.servlet.TestDispatcherServlet  : Completed initialization in 1 ms
2018-12-12 18:54:36.546  INFO 5680 --- [           main] o.s.mock.web.MockServletContext          : Initializing Spring TestDispatcherServlet ''
2018-12-12 18:54:36.546  INFO 5680 --- [           main] o.s.t.web.servlet.TestDispatcherServlet  : Initializing Servlet ''
2018-12-12 18:54:36.546  INFO 5680 --- [           main] o.s.t.web.servlet.TestDispatcherServlet  : Completed initialization in 0 ms
2018-12-12 18:54:36.556  INFO 5680 --- [           main] o.s.mock.web.MockServletContext          : Initializing Spring TestDispatcherServlet ''
2018-12-12 18:54:36.556  INFO 5680 --- [           main] o.s.t.web.servlet.TestDispatcherServlet  : Initializing Servlet ''
2018-12-12 18:54:36.556  INFO 5680 --- [           main] o.s.t.web.servlet.TestDispatcherServlet  : Completed initialization in 0 ms
2018-12-12 18:54:36.564  INFO 5680 --- [           main] o.s.mock.web.MockServletContext          : Initializing Spring TestDispatcherServlet ''
2018-12-12 18:54:36.564  INFO 5680 --- [           main] o.s.t.web.servlet.TestDispatcherServlet  : Initializing Servlet ''
2018-12-12 18:54:36.564  INFO 5680 --- [           main] o.s.t.web.servlet.TestDispatcherServlet  : Completed initialization in 0 ms
2018-12-12 18:54:36.576  INFO 5680 --- [           main] o.s.mock.web.MockServletContext          : Initializing Spring TestDispatcherServlet ''
2018-12-12 18:54:36.576  INFO 5680 --- [           main] o.s.t.web.servlet.TestDispatcherServlet  : Initializing Servlet ''
2018-12-12 18:54:36.576  INFO 5680 --- [           main] o.s.t.web.servlet.TestDispatcherServlet  : Completed initialization in 0 ms
2018-12-12 18:54:36.583  INFO 5680 --- [           main] o.s.mock.web.MockServletContext          : Initializing Spring TestDispatcherServlet ''
2018-12-12 18:54:36.583  INFO 5680 --- [           main] o.s.t.web.servlet.TestDispatcherServlet  : Initializing Servlet ''
2018-12-12 18:54:36.583  INFO 5680 --- [           main] o.s.t.web.servlet.TestDispatcherServlet  : Completed initialization in 0 ms
2018-12-12 18:54:36.593  INFO 5680 --- [           main] o.s.mock.web.MockServletContext          : Initializing Spring TestDispatcherServlet ''
2018-12-12 18:54:36.593  INFO 5680 --- [           main] o.s.t.web.servlet.TestDispatcherServlet  : Initializing Servlet ''
2018-12-12 18:54:36.593  INFO 5680 --- [           main] o.s.t.web.servlet.TestDispatcherServlet  : Completed initialization in 0 ms
2018-12-12 18:54:36.612  INFO 5680 --- [           main] o.s.mock.web.MockServletContext          : Initializing Spring TestDispatcherServlet ''
2018-12-12 18:54:36.612  INFO 5680 --- [           main] o.s.t.web.servlet.TestDispatcherServlet  : Initializing Servlet ''
2018-12-12 18:54:36.612  INFO 5680 --- [           main] o.s.t.web.servlet.TestDispatcherServlet  : Completed initialization in 0 ms
2018-12-12 18:54:36.622  INFO 5680 --- [           main] o.s.mock.web.MockServletContext          : Initializing Spring TestDispatcherServlet ''
2018-12-12 18:54:36.622  INFO 5680 --- [           main] o.s.t.web.servlet.TestDispatcherServlet  : Initializing Servlet ''
2018-12-12 18:54:36.622  INFO 5680 --- [           main] o.s.t.web.servlet.TestDispatcherServlet  : Completed initialization in 0 ms
2018-12-12 18:54:36.629  INFO 5680 --- [           main] o.s.mock.web.MockServletContext          : Initializing Spring TestDispatcherServlet ''
2018-12-12 18:54:36.630  INFO 5680 --- [           main] o.s.t.web.servlet.TestDispatcherServlet  : Initializing Servlet ''
2018-12-12 18:54:36.630  INFO 5680 --- [           main] o.s.t.web.servlet.TestDispatcherServlet  : Completed initialization in 0 ms
2018-12-12 18:54:36.638  INFO 5680 --- [           main] o.s.mock.web.MockServletContext          : Initializing Spring TestDispatcherServlet ''
2018-12-12 18:54:36.639  INFO 5680 --- [           main] o.s.t.web.servlet.TestDispatcherServlet  : Initializing Servlet ''
2018-12-12 18:54:36.639  INFO 5680 --- [           main] o.s.t.web.servlet.TestDispatcherServlet  : Completed initialization in 0 ms
2018-12-12 18:54:36.650  INFO 5680 --- [           main] o.s.mock.web.MockServletContext          : Initializing Spring TestDispatcherServlet ''
2018-12-12 18:54:36.650  INFO 5680 --- [           main] o.s.t.web.servlet.TestDispatcherServlet  : Initializing Servlet ''
2018-12-12 18:54:36.650  INFO 5680 --- [           main] o.s.t.web.servlet.TestDispatcherServlet  : Completed initialization in 0 ms
2018-12-12 18:54:36.661  INFO 5680 --- [           main] o.s.mock.web.MockServletContext          : Initializing Spring TestDispatcherServlet ''
2018-12-12 18:54:36.661  INFO 5680 --- [           main] o.s.t.web.servlet.TestDispatcherServlet  : Initializing Servlet ''
2018-12-12 18:54:36.661  INFO 5680 --- [           main] o.s.t.web.servlet.TestDispatcherServlet  : Completed initialization in 0 ms
[INFO] Tests run: 13, Failures: 0, Errors: 0, Skipped: 0, Time elapsed: 0.012 s - in com.fsd.projectmanager.service.impl.ProjectServiceImplTest
2018-12-12 18:54:36.815  INFO 5680 --- [       Thread-3] o.s.s.concurrent.ThreadPoolTaskExecutor  : Shutting down ExecutorService 'applicationTaskExecutor'
2018-12-12 18:54:36.817  INFO 5680 --- [       Thread-3] j.LocalContainerEntityManagerFactoryBean : Closing JPA EntityManagerFactory for persistence unit 'default'
2018-12-12 18:54:36.822  INFO 5680 --- [       Thread-3] com.zaxxer.hikari.HikariDataSource       : HikariPool-1 - Shutdown initiated...
2018-12-12 18:54:36.854  INFO 5680 --- [       Thread-3] com.zaxxer.hikari.HikariDataSource       : HikariPool-1 - Shutdown completed.
[INFO] 
[INFO] Results:
[INFO] 
[INFO] Tests run: 31, Failures: 0, Errors: 0, Skipped: 0
[INFO] 
[INFO] 
[INFO] --- maven-jar-plugin:3.1.0:jar (default-jar) @ projectmanager ---
[INFO] Building jar: C:\Program Files (x86)\Jenkins\workspace\ProjectManager\target\projectmanager-0.0.1-SNAPSHOT.jar
[INFO] 
[INFO] --- spring-boot-maven-plugin:2.1.0.RELEASE:repackage (repackage) @ projectmanager ---
[INFO] Replacing main artifact C:\Program Files (x86)\Jenkins\workspace\ProjectManager\target\projectmanager-0.0.1-SNAPSHOT.jar
[INFO] 
[INFO] --- docker-maven-plugin:1.2.0:build (default-cli) @ projectmanager ---
[INFO] Using authentication suppliers: [ConfigFileRegistryAuthSupplier]
[INFO] Copying C:\Program Files (x86)\Jenkins\workspace\ProjectManager\target\projectmanager-0.0.1-SNAPSHOT.jar -> C:\Program Files (x86)\Jenkins\workspace\ProjectManager\target\docker\projectmanager-0.0.1-SNAPSHOT.jar
[INFO] Copying docker\Dockerfile -> C:\Program Files (x86)\Jenkins\workspace\ProjectManager\target\docker\Dockerfile
[INFO] Building image bala-project-manager
Step 1/5 : FROM openjdk:8

 ---> 81f83aac57d6
Step 2/5 : ADD /projectmanager-0.0.1-SNAPSHOT.jar projectmanager.jar

 ---> 0209f6dfca1a
Step 3/5 : EXPOSE 8089

 ---> Running in 63134947bec0
Removing intermediate container 63134947bec0
 ---> cae6e4a8fe66
Step 4/5 : RUN bash -c 'touch /projectmanager.jar'

 ---> Running in f2f02ef78ccd
Removing intermediate container f2f02ef78ccd
 ---> c9307e9aa174
Step 5/5 : ENTRYPOINT ["java","-Dspring.data.mongodb.uri=mongodb://localhost:27017/test","-jar","projectmanager.jar"]

 ---> Running in 2d9f68370d33
Removing intermediate container 2d9f68370d33
 ---> 5929522e4d79
ProgressMessage{id=null, status=null, stream=null, error=null, progress=null, progressDetail=null}
Successfully built 5929522e4d79
Successfully tagged bala-project-manager:latest
[INFO] Built bala-project-manager
[INFO] ------------------------------------------------------------------------
[INFO] BUILD SUCCESS
[INFO] ------------------------------------------------------------------------
[INFO] Total time:  11:26 min
[INFO] Finished at: 2018-12-12T19:05:54+05:30
[INFO] ------------------------------------------------------------------------
[Pipeline] }
[Pipeline] // withEnv
[Pipeline] }
[Pipeline] // stage
[Pipeline] }
[Pipeline] // withEnv
[Pipeline] }
[Pipeline] // withEnv
[Pipeline] }
[Pipeline] // node
[Pipeline] End of Pipeline
Finished: SUCCESS